{"uid":"692973b80440262d","name":"test_fail","fullName":"scripts_all.test_say_hi.TestSayHi#test_fail","historyId":"647861b137ae27401e520c32e07e53f2","time":{"start":1685431307415,"stop":1685431307416,"duration":1},"status":"skipped","statusMessage":"XFAIL\n\nAssertionError: assert 0","statusTrace":"self = <test_say_hi.TestSayHi object at 0x000002BD7AAA0400>\n\n    @pytest.mark.xfail(True, reason=\"\")\n    @allure.step(title=\"断言失败--打印文字\")\n    def test_fail(self):\n        print(\"hi, fail!!!\")\n>       assert 0\nE       assert 0\n\nscripts_all\\test_say_hi.py:16: AssertionError","flaky":false,"newFailed":false,"newBroken":false,"newPassed":false,"retriesCount":2,"retriesStatusChange":false,"beforeStages":[],"testStage":{"status":"skipped","statusMessage":"XFAIL\n\nAssertionError: assert 0","statusTrace":"self = <test_say_hi.TestSayHi object at 0x000002BD7AAA0400>\n\n    @pytest.mark.xfail(True, reason=\"\")\n    @allure.step(title=\"断言失败--打印文字\")\n    def test_fail(self):\n        print(\"hi, fail!!!\")\n>       assert 0\nE       assert 0\n\nscripts_all\\test_say_hi.py:16: AssertionError","steps":[{"name":"断言失败--打印文字","time":{"start":1685431307415,"stop":1685431307416,"duration":1},"status":"failed","statusMessage":"AssertionError: assert 0\n","statusTrace":"  File \"c:\\users\\27632\\pycharmprojects\\pythonproject\\venv\\lib\\site-packages\\allure_commons\\_allure.py\", line 192, in impl\n    return func(*a, **kw)\n  File \"C:\\Users\\27632\\PycharmProjects\\Jenkins_pytest\\scripts_all\\test_say_hi.py\", line 16, in test_fail\n    assert 0\n","steps":[],"attachments":[],"parameters":[],"attachmentsCount":0,"shouldDisplayMessage":true,"stepsCount":0,"hasContent":true}],"attachments":[],"parameters":[],"attachmentsCount":0,"shouldDisplayMessage":true,"stepsCount":1,"hasContent":true},"afterStages":[],"labels":[{"name":"tag","value":"@pytest.mark.xfail(True, reason='')"},{"name":"parentSuite","value":"scripts_all"},{"name":"suite","value":"test_say_hi"},{"name":"subSuite","value":"TestSayHi"},{"name":"host","value":"DESKTOP-3II4BFM"},{"name":"thread","value":"23808-MainThread"},{"name":"framework","value":"pytest"},{"name":"language","value":"cpython3"},{"name":"package","value":"scripts_all.test_say_hi"},{"name":"resultFormat","value":"allure2"}],"parameters":[],"links":[],"hidden":false,"retry":false,"extra":{"severity":"normal","retries":[{"uid":"735f9ad070e0d75b","status":"skipped","statusDetails":"XFAIL\n\nAssertionError: assert 0","time":{"start":1685431251333,"stop":1685431251333,"duration":0}},{"uid":"eea4bec92f1b4a1a","status":"skipped","statusDetails":"XFAIL\n\nAssertionError: assert 0","time":{"start":1685431167131,"stop":1685431167131,"duration":0}}],"categories":[],"tags":["@pytest.mark.xfail(True, reason='')"]},"source":"692973b80440262d.json","parameterValues":[]}